<?xml version="1.0" encoding="utf-8"?><testsuites name="pytest tests"><testsuite name="pytest" errors="0" failures="2" skipped="0" tests="4" time="1.445" timestamp="2026-04-21T01:53:59.204969+00:00" hostname="agent-env-834375dd-2493-42e6-b93c-fd099cf4416e"><testcase classname="backend.tests.test_welcome_admin.TestHealth" name="test_health_ok" time="0.892" /><testcase classname="backend.tests.test_welcome_admin.TestAdminAssignment" name="test_admin_email_gets_admin_role" time="0.185"><failure message="AssertionError: expected role=admin, got None&#10;assert None == 'admin'&#10; +  where None = &lt;built-in method get of dict object at 0xf9eb243b4e40&gt;('role')&#10; +    where &lt;built-in method get of dict object at 0xf9eb243b4e40&gt; = {'email': 'mytaxicloud@gmail.com', 'name': 'Admin User', 'picture': '', 'user_id': 'user_test_77b941a9'}.get">backend/tests/test_welcome_admin.py:78: in test_admin_email_gets_admin_role
    assert data.get("role") == "admin", f"expected role=admin, got {data.get('role')}"
E   AssertionError: expected role=admin, got None
E   assert None == 'admin'
E    +  where None = &lt;built-in method get of dict object at 0xf9eb243b4e40&gt;('role')
E    +    where &lt;built-in method get of dict object at 0xf9eb243b4e40&gt; = {'email': 'mytaxicloud@gmail.com', 'name': 'Admin User', 'picture': '', 'user_id': 'user_test_77b941a9'}.get</failure></testcase><testcase classname="backend.tests.test_welcome_admin.TestAdminAssignment" name="test_regular_email_gets_user_role" time="0.115"><failure message="AssertionError: assert None == 'user'&#10; +  where None = &lt;built-in method get of dict object at 0xf9eb215bef80&gt;('role')&#10; +    where &lt;built-in method get of dict object at 0xf9eb215bef80&gt; = {'email': 'test_regular_78e490@example.com', 'name': 'Regular User', 'picture': '', 'user_id': 'user_test_b4f5ef31'}.get">backend/tests/test_welcome_admin.py:90: in test_regular_email_gets_user_role
    assert data.get("role") == "user"
E   AssertionError: assert None == 'user'
E    +  where None = &lt;built-in method get of dict object at 0xf9eb215bef80&gt;('role')
E    +    where &lt;built-in method get of dict object at 0xf9eb215bef80&gt; = {'email': 'test_regular_78e490@example.com', 'name': 'Regular User', 'picture': '', 'user_id': 'user_test_b4f5ef31'}.get</failure></testcase><testcase classname="backend.tests.test_welcome_admin.TestAdminAssignment" name="test_auth_me_without_token_returns_401" time="0.123" /></testsuite></testsuites>