<?xml version="1.0" encoding="utf-8"?><testsuites name="pytest tests"><testsuite name="pytest" errors="0" failures="0" skipped="0" tests="4" time="1.588" timestamp="2026-04-21T02:07:54.150654+00:00" hostname="agent-env-834375dd-2493-42e6-b93c-fd099cf4416e"><testcase classname="backend.tests.test_welcome_admin.TestHealth" name="test_health_ok" time="1.144" /><testcase classname="backend.tests.test_welcome_admin.TestAdminAssignment" name="test_admin_email_gets_admin_role" time="0.120" /><testcase classname="backend.tests.test_welcome_admin.TestAdminAssignment" name="test_regular_email_gets_user_role" time="0.121" /><testcase classname="backend.tests.test_welcome_admin.TestAdminAssignment" name="test_auth_me_without_token_returns_401" time="0.125" /></testsuite></testsuites>