<?xml version="1.0" encoding="utf-8"?><testsuites name="pytest tests"><testsuite name="pytest" errors="0" failures="0" skipped="0" tests="13" time="71.190" timestamp="2026-04-19T06:25:17.398275+00:00" hostname="agent-env-05673c48-4051-4570-b937-80a7727dbd4d"><testcase classname="backend.tests.test_rehydration_receipt.TestRehydrationOrderReceipt" name="test_chat_receipt_contains_rehydration_order" time="9.585" /><testcase classname="backend.tests.test_rehydration_receipt.TestRehydrationOrderReceipt" name="test_chat_receipt_contains_global_bin_status" time="7.685" /><testcase classname="backend.tests.test_rehydration_receipt.TestPersonalFactsSeparation" name="test_receipt_separates_personal_fact_ids" time="2.554" /><testcase classname="backend.tests.test_rehydration_receipt.TestPersonalFactsSeparation" name="test_receipt_separates_general_memory_ids" time="3.179" /><testcase classname="backend.tests.test_rehydration_receipt.TestPersonalFactsSeparation" name="test_receipt_contains_personal_facts_count" time="6.262" /><testcase classname="backend.tests.test_rehydration_receipt.TestPersonalFactsSeparation" name="test_receipt_contains_general_memory_count" time="7.748" /><testcase classname="backend.tests.test_rehydration_receipt.TestPersonalFactsPreferentialRecall" name="test_preference_query_recalls_personal_facts" time="7.034" /><testcase classname="backend.tests.test_rehydration_receipt.TestPersonalFactsPreferentialRecall" name="test_self_query_recalls_personal_facts" time="3.462" /><testcase classname="backend.tests.test_rehydration_receipt.TestPersonalFactsPreferentialRecall" name="test_favorite_query_recalls_personal_facts" time="5.444" /><testcase classname="backend.tests.test_rehydration_receipt.TestReceiptFieldsConsistency" name="test_personal_facts_count_matches_ids_length" time="8.521" /><testcase classname="backend.tests.test_rehydration_receipt.TestReceiptFieldsConsistency" name="test_general_memory_count_matches_ids_length" time="3.474" /><testcase classname="backend.tests.test_rehydration_receipt.TestReceiptFieldsConsistency" name="test_total_memory_ids_equals_sum_of_personal_and_general" time="5.421" /><testcase classname="backend.tests.test_rehydration_receipt.TestCleanup" name="test_cleanup_test_memories" time="0.730" /></testsuite></testsuites>