<?xml version="1.0" encoding="utf-8"?><testsuites name="pytest tests"><testsuite name="pytest" errors="0" failures="0" skipped="0" tests="16" time="3.580" timestamp="2026-04-21T05:23:24.428259+00:00" hostname="agent-env-c1bb958a-6ff6-48bc-886e-a2dbe9470d97"><testcase classname="backend.tests.test_session_patch_delete_admin_docs.TestSessionPatch" name="test_patch_requires_auth" time="0.951" /><testcase classname="backend.tests.test_session_patch_delete_admin_docs.TestSessionPatch" name="test_patch_forbidden_for_other_user" time="0.209" /><testcase classname="backend.tests.test_session_patch_delete_admin_docs.TestSessionPatch" name="test_patch_updates_title_and_flag" time="0.211" /><testcase classname="backend.tests.test_session_patch_delete_admin_docs.TestSessionPatch" name="test_patch_404_missing" time="0.099" /><testcase classname="backend.tests.test_session_patch_delete_admin_docs.TestSessionDelete" name="test_delete_requires_auth" time="0.232" /><testcase classname="backend.tests.test_session_patch_delete_admin_docs.TestSessionDelete" name="test_delete_forbidden_for_other_user" time="0.267" /><testcase classname="backend.tests.test_session_patch_delete_admin_docs.TestSessionDelete" name="test_delete_cascades_messages" time="0.506" /><testcase classname="backend.tests.test_session_patch_delete_admin_docs.TestAdminDocs" name="test_list_requires_auth" time="0.098" /><testcase classname="backend.tests.test_session_patch_delete_admin_docs.TestAdminDocs" name="test_list_forbidden_non_admin" time="0.113" /><testcase classname="backend.tests.test_session_patch_delete_admin_docs.TestAdminDocs" name="test_list_admin_success" time="0.124" /><testcase classname="backend.tests.test_session_patch_delete_admin_docs.TestAdminDocs" name="test_read_doc_admin" time="0.202" /><testcase classname="backend.tests.test_session_patch_delete_admin_docs.TestAdminDocs" name="test_read_doc_non_admin_403" time="0.137" /><testcase classname="backend.tests.test_session_patch_delete_admin_docs.TestAdminDocs" name="test_read_doc_missing_404" time="0.105" /><testcase classname="backend.tests.test_session_patch_delete_admin_docs.TestAdminDocs" name="test_path_traversal_slash" time="0.098" /><testcase classname="backend.tests.test_session_patch_delete_admin_docs.TestAdminDocs" name="test_path_traversal_dot_prefix" time="0.104" /><testcase classname="backend.tests.test_session_patch_delete_admin_docs.TestAdminDocs" name="test_path_traversal_backslash" time="0.101" /></testsuite></testsuites>