<?xml version="1.0" encoding="utf-8"?><testsuites name="pytest tests"><testsuite name="pytest" errors="0" failures="0" skipped="0" tests="11" time="13.502" timestamp="2026-04-18T03:14:39.617457+00:00" hostname="agent-env-05673c48-4051-4570-b937-80a7727dbd4d"><testcase classname="backend.tests.test_caos_api" name="test_profile_upsert_create_and_update" time="0.234" /><testcase classname="backend.tests.test_caos_api" name="test_create_session_returns_isolated_session_id" time="0.116" /><testcase classname="backend.tests.test_caos_api" name="test_get_sessions_returns_records_for_user" time="0.185" /><testcase classname="backend.tests.test_caos_api" name="test_messages_are_scoped_to_their_session_id" time="0.409" /><testcase classname="backend.tests.test_caos_api" name="test_get_session_messages_returns_selected_session_history" time="0.289" /><testcase classname="backend.tests.test_caos_api" name="test_create_message_returns_404_for_unknown_session" time="0.056" /><testcase classname="backend.tests.test_caos_api" name="test_memory_save_creates_structured_memory_entry" time="0.114" /><testcase classname="backend.tests.test_caos_api" name="test_context_prepare_returns_required_payload_fields" time="0.440" /><testcase classname="backend.tests.test_caos_api" name="test_chat_persists_turn_and_returns_receipt_and_wcw" time="6.766" /><testcase classname="backend.tests.test_caos_api" name="test_get_profile_returns_stored_user_profile" time="0.116" /><testcase classname="backend.tests.test_caos_api" name="test_chat_artifacts_endpoint_returns_receipts_summaries_and_seeds" time="4.687" /></testsuite></testsuites>