<?xml version="1.0" encoding="utf-8"?><testsuites name="pytest tests"><testsuite name="pytest" errors="0" failures="0" skipped="0" tests="18" time="4.080" timestamp="2026-04-19T06:19:58.534398+00:00" hostname="agent-env-05673c48-4051-4570-b937-80a7727dbd4d"><testcase classname="backend.tests.test_memory_profile_crud.TestMemoryListEndpoint" name="test_list_memories_returns_200" time="0.232" /><testcase classname="backend.tests.test_memory_profile_crud.TestMemoryListEndpoint" name="test_list_memories_filter_by_bin_name" time="0.209" /><testcase classname="backend.tests.test_memory_profile_crud.TestMemoryListEndpoint" name="test_list_memories_filter_by_general_bin" time="0.112" /><testcase classname="backend.tests.test_memory_profile_crud.TestMemorySaveEndpoint" name="test_save_personal_fact" time="0.166" /><testcase classname="backend.tests.test_memory_profile_crud.TestMemorySaveEndpoint" name="test_save_general_memory" time="0.123" /><testcase classname="backend.tests.test_memory_profile_crud.TestMemorySaveEndpoint" name="test_save_memory_with_tags" time="0.125" /><testcase classname="backend.tests.test_memory_profile_crud.TestMemorySaveEndpoint" name="test_save_memory_with_priority" time="0.105" /><testcase classname="backend.tests.test_memory_profile_crud.TestMemorySaveEndpoint" name="test_save_memory_persists_in_list" time="0.247" /><testcase classname="backend.tests.test_memory_profile_crud.TestMemoryUpdateEndpoint" name="test_update_memory_content" time="0.208" /><testcase classname="backend.tests.test_memory_profile_crud.TestMemoryUpdateEndpoint" name="test_move_memory_to_personal_facts" time="0.207" /><testcase classname="backend.tests.test_memory_profile_crud.TestMemoryUpdateEndpoint" name="test_move_memory_to_general" time="0.257" /><testcase classname="backend.tests.test_memory_profile_crud.TestMemoryUpdateEndpoint" name="test_update_memory_priority" time="0.219" /><testcase classname="backend.tests.test_memory_profile_crud.TestMemoryUpdateEndpoint" name="test_update_nonexistent_memory_returns_404" time="0.101" /><testcase classname="backend.tests.test_memory_profile_crud.TestMemoryUpdateEndpoint" name="test_update_persists_in_list" time="0.313" /><testcase classname="backend.tests.test_memory_profile_crud.TestMemoryDeleteEndpoint" name="test_delete_memory" time="0.270" /><testcase classname="backend.tests.test_memory_profile_crud.TestMemoryDeleteEndpoint" name="test_delete_removes_from_list" time="0.312" /><testcase classname="backend.tests.test_memory_profile_crud.TestMemoryDeleteEndpoint" name="test_delete_nonexistent_memory_returns_404" time="0.111" /><testcase classname="backend.tests.test_memory_profile_crud.TestMemoryEndToEndFlow" name="test_full_crud_workflow" time="0.665" /></testsuite></testsuites>