<?xml version="1.0" encoding="utf-8"?><testsuites name="pytest tests"><testsuite name="pytest" errors="0" failures="0" skipped="0" tests="19" time="26.223" timestamp="2026-04-18T03:46:08.761244+00:00" hostname="agent-env-05673c48-4051-4570-b937-80a7727dbd4d"><testcase classname="backend.tests.test_caos_api" name="test_profile_upsert_create_and_update" time="0.260" /><testcase classname="backend.tests.test_caos_api" name="test_create_session_returns_isolated_session_id" time="0.094" /><testcase classname="backend.tests.test_caos_api" name="test_get_sessions_returns_records_for_user" time="0.143" /><testcase classname="backend.tests.test_caos_api" name="test_messages_are_scoped_to_their_session_id" time="0.330" /><testcase classname="backend.tests.test_caos_api" name="test_get_session_messages_returns_selected_session_history" time="0.255" /><testcase classname="backend.tests.test_caos_api" name="test_create_message_returns_404_for_unknown_session" time="0.045" /><testcase classname="backend.tests.test_caos_api" name="test_memory_save_creates_structured_memory_entry" time="0.098" /><testcase classname="backend.tests.test_caos_api" name="test_context_prepare_returns_required_payload_fields" time="0.317" /><testcase classname="backend.tests.test_caos_api" name="test_chat_persists_turn_and_returns_receipt_and_wcw" time="7.356" /><testcase classname="backend.tests.test_caos_api" name="test_get_profile_returns_stored_user_profile" time="0.097" /><testcase classname="backend.tests.test_caos_api" name="test_chat_artifacts_endpoint_returns_receipts_summaries_and_seeds" time="3.913" /><testcase classname="backend.tests.test_caos_files_voice_integration" name="test_upload_file_returns_downloadable_record_and_persists" time="0.243" /><testcase classname="backend.tests.test_caos_files_voice_integration" name="test_save_link_creates_link_record_and_lists" time="0.095" /><testcase classname="backend.tests.test_caos_files_voice_integration" name="test_link_download_returns_400" time="0.096" /><testcase classname="backend.tests.test_caos_files_voice_integration" name="test_voice_tts_returns_base64_audio_payload" time="2.603" /><testcase classname="backend.tests.test_caos_files_voice_integration" name="test_voice_transcribe_accepts_upload_and_returns_text" time="0.722" /><testcase classname="backend.tests.test_caos_files_voice_integration" name="test_chat_session_artifacts_flow_still_operational" time="1.599" /><testcase classname="backend.tests.test_caos_lineage_continuity" name="test_chat_persists_lineage_fields_across_artifacts" time="4.787" /><testcase classname="backend.tests.test_caos_lineage_continuity" name="test_continuity_returns_latest_summary_seed_receipt_and_depth" time="3.102" /></testsuite></testsuites>