<?xml version="1.0" encoding="utf-8"?><testsuites name="pytest tests"><testsuite name="pytest" errors="0" failures="0" skipped="0" tests="14" time="2.662" timestamp="2026-04-19T06:38:56.927389+00:00" hostname="agent-env-05673c48-4051-4570-b937-80a7727dbd4d"><testcase classname="backend.tests.test_global_info_bin.TestGlobalInfoBinEndpoint" name="test_global_bin_endpoint_returns_200" time="0.206" /><testcase classname="backend.tests.test_global_info_bin.TestGlobalInfoBinEndpoint" name="test_global_bin_response_structure" time="0.099" /><testcase classname="backend.tests.test_global_info_bin.TestGlobalInfoBinEndpoint" name="test_global_bin_entry_structure" time="0.111" /><testcase classname="backend.tests.test_global_info_bin.TestGlobalInfoBinEndpoint" name="test_global_bin_lane_filter" time="0.132" /><testcase classname="backend.tests.test_global_info_bin.TestGlobalBinReceiptFields" name="test_receipt_contains_global_cache_count" time="0.227" /><testcase classname="backend.tests.test_global_info_bin.TestGlobalBinReceiptFields" name="test_receipt_contains_global_cache_tokens" time="0.204" /><testcase classname="backend.tests.test_global_info_bin.TestGlobalBinReceiptFields" name="test_receipt_contains_selected_global_cache_ids" time="0.256" /><testcase classname="backend.tests.test_global_info_bin.TestGlobalBinReceiptFields" name="test_receipt_contains_global_bin_status" time="0.212" /><testcase classname="backend.tests.test_global_info_bin.TestGlobalBinReceiptFields" name="test_receipt_rehydration_order_includes_global_bin" time="0.264" /><testcase classname="backend.tests.test_global_info_bin.TestGlobalBinCacheReuse" name="test_second_turn_reuses_global_cache" time="0.199" /><testcase classname="backend.tests.test_global_info_bin.TestGlobalBinCacheReuse" name="test_global_cache_ids_match_bin_entries" time="0.349" /><testcase classname="backend.tests.test_global_info_bin.TestGlobalBinPopulation" name="test_global_bin_has_entries" time="0.107" /><testcase classname="backend.tests.test_global_info_bin.TestGlobalBinPopulation" name="test_global_bin_entry_has_snippet" time="0.095" /><testcase classname="backend.tests.test_global_info_bin.TestGlobalBinPopulation" name="test_global_bin_entry_has_retrieval_terms" time="0.118" /></testsuite></testsuites>